<?xml version="1.0" encoding="UTF-8"?>
<!-- Generated by org.testng.reporters.JUnitReportReporter -->
<testsuite hostname="MSDT103" failures="0" tests="2" name="pages.LoginPage" time="9.675" errors="0" timestamp="07 Feb 2022 08:02:04 GMT" skipped="0">
  <testcase classname="pages.LoginPage" name="Login" time="8.072"/>
  <testcase classname="pages.LoginPage" name="forgetpass" time="1.603"/>
</testsuite> <!-- pages.LoginPage -->
