<?xml version="1.0" encoding="UTF-8"?>
<!-- Generated by org.testng.reporters.JUnitReportReporter -->
<testsuite hostname="MSDT103" failures="0" tests="2" name="pages.HomePage" time="2.127" errors="0" timestamp="07 Feb 2022 08:02:04 GMT" skipped="0">
  <testcase classname="pages.HomePage" name="VerifyPage" time="0.056"/>
  <testcase classname="pages.HomePage" name="Logout" time="2.071"/>
</testsuite> <!-- pages.HomePage -->
