<?xml version="1.0" encoding="UTF-8"?>
<!-- Generated by org.testng.reporters.JUnitReportReporter -->
<testsuite hostname="MSDT103" failures="0" tests="3" name="com.POM.tests.LoginTest" time="17.651" errors="0" timestamp="08 Feb 2022 11:41:37 GMT" skipped="0">
  <testcase classname="com.POM.tests.LoginTest" name="chechTitle" time="0.166"/>
  <testcase classname="com.POM.tests.LoginTest" name="forgetpass" time="2.454"/>
  <testcase classname="com.POM.tests.LoginTest" name="loginDetail" time="15.031"/>
</testsuite> <!-- com.POM.tests.LoginTest -->
