<?xml version="1.0" encoding="UTF-8"?>
<!-- Generated by org.testng.reporters.JUnitReportReporter -->
<testsuite hostname="MSDT103" failures="0" tests="3" name="com.myTest.LoginTest" time="67.610" errors="0" timestamp="04 Feb 2022 16:23:59 GMT" skipped="0">
  <testcase classname="com.myTest.LoginTest" name="doLoginTest" time="25.038"/>
  <testcase classname="com.myTest.LoginTest" name="doLoginTestWithNativeInput" time="23.491"/>
  <testcase classname="com.myTest.LoginTest" name="doLoginTestWithNativeInput2" time="19.081"/>
</testsuite> <!-- com.myTest.LoginTest -->
